<?xml version="1.0" encoding="UTF-8"?>
<!-- Generated by org.testng.reporters.JUnitReportReporter -->
<testsuite skipped="0" hostname="ATMECSINLT-085" name="org.atmecs.website.testscripts.TestNGMethod" tests="1" failures="0" timestamp="23 Oct 2019 11:44:21 GMT" time="59.291" errors="0">
  <testcase name="xmlsuite" time="59.291" classname="org.atmecs.website.testscripts.TestNGMethod"/>
</testsuite> <!-- org.atmecs.website.testscripts.TestNGMethod -->
